<?xml version="1.0" encoding="UTF-8"?>
<testsuite name="ContactTest" tests="1" skipped="0" failures="0" errors="0" timestamp="2016-04-28T16:06:52" hostname="epicodus-39.local" time="0.0">
  <properties/>
  <testcase name="createsContact_instantiatesContactClass_true" classname="ContactTest" time="0.0"/>
  <system-out><![CDATA[]]></system-out>
  <system-err><![CDATA[]]></system-err>
</testsuite>
